<?xml version="1.0" encoding="UTF-8"?>
<!-- Generated by org.testng.reporters.JUnitXMLReporter -->
<testsuite hostname="AdminisorsAir62.lan" name="Testing for the Prioritization score" tests="3" failures="0" timestamp="17 Jan 2017 19:55:38 GMT" time="108.609" errors="0">
  <testcase name="runTest" time="0.011" classname="TestCases.Test1"/>
  <testcase name="runTest" time="0.001" classname="TestCases.Test1"/>
  <testcase name="runTest" time="0.001" classname="TestCases.Test1"/>
</testsuite> <!-- Testing for the Prioritization score -->
